[IPKernelApp] WARNING | Parent appears to have exited, shutting down.
s: 49
OrderedDict([('user_embedding_layer.weight', tensor([[-1.7579, -1.7165,  0.2599,  ..., -0.5478,  1.2784, -0.0665],
        [ 0.0118,  0.3026,  0.5534,  ...,  0.5910, -0.2702,  0.2277],
        [ 0.0235, -1.2699, -1.0637,  ..., -0.1764, -0.3490,  0.5225],
        ...,
        [-0.1349, -0.6884,  1.2037,  ...,  0.6722,  1.1997, -0.0601],
        [ 0.3599,  0.0904, -2.1772,  ...,  0.5212,  1.3992,  0.2837],
        [ 0.6548, -1.1735, -0.1056,  ...,  0.0723, -1.3547,  1.0241]])), ('item_embedding_layer.weight', tensor([[-0.3329,  0.4583,  0.3010,  ...,  0.7664, -0.8303,  0.3522],
        [-1.2361,  0.1548,  2.2680,  ...,  0.4386,  0.4047, -0.6644],
        [ 0.2227,  1.8626, -2.2245,  ..., -0.3952, -0.4385, -0.6690],
        ...,
        [-0.5576,  0.6416, -0.2545,  ..., -1.4302,  1.1244, -0.1329],
        [-1.7545, -0.2886, -0.2520,  ..., -0.3235, -0.3648, -1.1586],
        [ 2.0036, -0.0974, -0.4583,  ..., -0.9719,  0.0235, -0.9348]]))])
OrderedDict([('encoder.0.weight', tensor([[-0.1143, -0.1430],
        [ 0.2979,  0.4272],
        [ 0.6826,  0.7686],
        [ 0.6218, -0.1964],
        [-0.3810,  0.5802]])), ('encoder.0.bias', tensor([ 0.8593, -0.8585,  0.0153, -1.1287, -0.8256]))])
OrderedDict([('product_group_embedding_layer.weight', tensor([[ 4.5353e-01, -5.6740e-02, -1.3906e-01, -1.2903e+00, -9.1377e-01,
         -2.1030e+00, -2.5679e+00, -1.1733e-03],
        [-3.4774e-01,  1.0942e-01, -1.2462e-01, -9.5164e-01, -9.2784e-01,
         -1.4327e+00,  1.1380e+00,  2.1908e-01],
        [ 5.7509e-01, -2.5052e+00, -1.0846e+00, -3.0185e-01,  1.3273e+00,
         -2.5418e+00,  5.9185e-01, -9.2655e-01],
        [ 6.5604e-01, -8.2789e-01,  3.4244e-01, -2.4388e+00,  6.4738e-02,
          2.5453e-01,  1.5802e-01,  2.3031e-01],
        [-1.1628e+00, -3.3083e-01,  1.8686e+00, -2.5174e-01, -2.3982e+00,
         -1.9163e+00, -4.1691e-01,  8.6821e-01],
        [ 1.4356e+00, -5.9537e-01,  1.6337e+00,  9.1215e-02,  1.2252e+00,
         -1.8795e+00, -1.2336e-01,  1.5204e+00],
        [-1.6469e+00, -1.2072e+00,  1.4027e+00,  2.2052e-01,  2.8081e-01,
         -1.6766e+00, -2.8929e-01, -4.9255e-01],
        [ 3.9870e-01, -2.5444e+00, -2.9278e-01, -2.1621e-02, -1.7118e+00,
          4.2342e-01, -4.8386e-01,  1.8085e+00],
        [ 2.4295e-01, -2.2740e+00,  1.4655e+00, -7.2977e-01,  8.7535e-01,
         -2.2806e-01,  1.8508e+00,  3.5901e-02],
        [ 1.7749e+00,  7.0724e-01,  5.6439e-01, -4.9728e-02, -6.5823e-01,
         -1.2107e+00, -7.0962e-01, -3.0519e-01],
        [-1.0961e+00, -5.6251e-01,  1.2119e-01,  6.0273e-01,  2.0368e+00,
         -1.2078e+00,  3.0530e+00,  1.4728e+00],
        [ 2.5831e+00, -1.4270e+00, -1.0610e+00, -7.6428e-01, -1.1399e+00,
         -8.7695e-02,  4.2941e-01,  4.8078e-01],
        [ 3.0141e-01, -9.6510e-01,  5.7219e-01,  1.4722e+00,  2.2503e+00,
          1.5399e-01,  7.7532e-02,  2.1229e-01]])), ('color_group_embedding_layer.weight', tensor([[-3.3028e-01, -6.0053e-01, -2.8486e-01,  1.3061e+00, -6.0095e-01,
          4.3063e-01, -3.8836e-02,  1.2575e-01,  1.2263e+00,  1.7021e+00,
          2.4262e-01,  8.0333e-01, -1.9626e-01,  2.3882e-01, -1.3671e+00,
         -5.1001e-01],
        [ 4.9138e-01,  1.8014e-01, -7.3061e-01, -1.5912e+00,  6.2544e-02,
          2.6372e+00,  6.5003e-01, -3.9858e-01, -8.5870e-01,  2.4998e-01,
         -7.6463e-02,  5.5330e-01, -9.7377e-01, -2.2836e+00,  3.5672e-01,
         -8.2663e-01],
        [-6.9986e-02, -5.6367e-01, -1.0373e+00,  1.4264e+00, -1.9005e-01,
         -8.3354e-01, -8.3588e-01, -1.8981e-02,  5.0640e-01, -4.3885e-01,
          3.6427e-01, -1.3431e+00, -1.5715e+00, -7.4022e-01,  7.5065e-01,
         -4.2262e-01],
        [ 2.1139e+00, -2.1036e-01,  2.0668e+00,  1.0082e+00,  8.1988e-01,
         -1.1377e+00,  1.5239e+00,  5.5364e-01, -1.0854e+00, -1.1910e+00,
         -7.6028e-01, -1.3121e+00, -5.6940e-02, -6.3469e-01,  8.6089e-01,
          1.3042e+00],
        [ 3.6553e-01, -7.7364e-02,  8.2414e-01, -2.0855e-01,  3.4440e-01,
         -7.7107e-02,  5.6241e-01, -4.3286e-01, -3.1018e-01, -1.4267e+00,
         -5.5721e-01, -1.6141e+00, -1.3857e+00, -4.0191e-01,  3.7615e-01,
          5.4270e-01],
        [ 2.1103e+00,  9.0628e-01,  3.8954e-02, -1.0284e+00, -1.3695e-01,
          7.1862e-01, -2.1401e+00, -4.5626e-01, -1.3456e-01,  7.0359e-01,
         -8.0272e-01, -1.8600e+00, -1.5918e-01,  9.4438e-01, -7.8215e-01,
          8.1074e-01],
        [ 1.6726e+00,  3.3972e+00,  3.9314e-01,  3.9422e-01, -9.5142e-01,
         -1.4307e+00,  1.9381e+00,  8.5377e-01, -1.3923e+00,  1.0929e+00,
         -4.5651e-01,  1.0820e+00,  1.3293e+00,  8.1943e-01,  1.2072e+00,
         -1.7669e+00],
        [-1.3100e+00,  4.6828e-01,  1.0897e-01, -4.8308e-01, -4.4379e-01,
          9.7765e-01,  1.1241e+00,  1.1725e+00,  6.3385e-01,  3.8872e-01,
          3.6211e-01, -1.1983e+00,  3.6872e-01, -5.9573e-01,  1.8605e+00,
         -1.7953e-01],
        [ 3.9174e-02,  9.2902e-01, -5.0004e-01,  2.8568e+00, -1.0832e-01,
          8.3221e-01, -6.9150e-01, -1.8304e-01,  4.2242e-01,  1.0430e+00,
         -1.0868e+00,  1.2045e+00, -3.3379e-01, -1.6195e+00,  7.8339e-01,
          1.0278e+00],
        [ 3.9148e-01,  6.4124e-01,  2.4705e+00,  3.0941e+00, -3.9236e-01,
          1.9381e+00, -2.8618e-02,  1.2146e+00, -9.1901e-01, -2.1837e-01,
         -4.2319e-01,  3.0981e-01, -4.5420e-02,  1.2186e+00,  4.1783e-01,
          1.4091e+00],
        [ 3.5002e-01,  4.2684e-01, -7.8722e-01, -2.9687e-01, -8.2024e-02,
          1.3527e+00,  2.4964e-01, -3.1064e+00,  5.8261e-01,  6.9455e-01,
         -2.6629e-01, -6.5667e-01,  1.2959e+00, -1.4917e+00, -2.4058e+00,
         -4.7376e-01],
        [ 1.2241e+00, -7.0024e-01,  6.2054e-02,  6.0210e-01, -1.7960e+00,
         -8.4609e-01,  2.0946e-01, -1.1874e-01, -2.0576e+00, -4.6712e-01,
          4.4302e-01, -6.2431e-01, -7.9884e-01,  1.9191e+00,  5.4022e-01,
          1.3734e+00],
        [ 7.0457e-01,  1.1336e+00, -3.1203e-01,  1.5085e+00,  2.3319e+00,
          3.5668e-01, -9.4790e-01, -2.1953e+00,  1.1275e-01, -9.8641e-01,
         -6.1073e-01, -2.4838e-01, -1.2891e+00, -1.8163e+00,  6.6060e-01,
          1.3316e+00],
        [ 1.9337e+00,  3.0993e-01, -1.9472e-01, -9.8258e-01,  1.7418e+00,
         -1.9349e+00, -3.5534e-01, -1.5227e+00, -6.1929e-01,  1.5441e+00,
         -1.2855e+00, -1.0384e+00, -4.8150e-01, -1.1397e+00,  1.7318e+00,
         -1.5856e+00],
        [ 3.5094e-01,  2.2176e+00,  7.4863e-02,  1.8872e+00, -1.3577e+00,
          2.8594e-01,  7.8394e-01, -2.2845e+00,  2.2407e+00,  4.3942e-01,
          6.8174e-03,  4.5024e-01,  1.1706e-02,  6.6078e-01, -4.6678e-01,
          2.5809e-01],
        [-6.8221e-01,  4.2051e-01, -2.1592e+00, -3.9030e-01,  1.2912e+00,
         -5.7303e-01,  1.2684e+00, -1.1426e-01,  3.1687e-01,  1.5951e+00,
         -2.3190e+00, -2.5160e+00, -5.7700e-03,  9.8990e-01,  9.8772e-01,
          4.3865e-02],
        [ 9.9349e-01,  4.5361e-01,  2.8157e-01, -1.5739e+00,  1.6291e+00,
          9.9228e-01,  2.8039e+00,  1.5691e+00, -1.5730e+00, -9.7862e-02,
          4.7905e-02, -3.3750e-01,  4.7356e-01, -1.7106e+00,  6.3488e-01,
         -1.0029e+00],
        [-8.8955e-01,  1.2567e+00,  5.2261e-01,  4.6840e-01,  2.1627e-01,
         -2.3925e+00,  5.8536e-01,  1.4374e-01,  9.8863e-01,  1.6337e+00,
         -1.5674e+00,  7.9019e-01, -2.8673e-01,  1.9195e+00,  5.9101e-01,
          1.5116e+00],
        [ 1.1348e+00,  1.1048e+00, -1.6877e+00, -9.8429e-01,  2.2096e-01,
         -2.4129e-01, -1.6096e+00,  2.4893e+00,  5.1822e-01, -2.4636e-01,
         -7.9452e-01,  4.3965e-02, -1.3451e-01,  3.4204e-02, -9.5107e-01,
          1.2103e+00],
        [ 1.7676e+00, -7.2460e-01, -3.6243e-02, -3.3159e-01,  8.3752e-01,
         -1.5080e+00, -1.3378e+00, -2.9429e-01, -2.9154e-01,  9.2287e-01,
         -9.2303e-01, -4.1850e-01, -1.6839e-01,  1.1514e+00, -4.0158e-01,
          7.2376e-01],
        [-1.8293e+00, -3.8167e-03, -7.6415e-01,  4.7257e-01,  1.2723e-01,
         -1.4807e+00,  1.8177e+00,  8.1310e-01, -6.4621e-01,  5.3930e-01,
          2.0502e+00, -1.6547e+00,  4.8737e-01,  5.6475e-01,  9.5520e-02,
         -4.4010e-01],
        [ 7.3704e-01, -8.4483e-02,  1.3568e+00, -1.9018e+00, -1.8559e+00,
          3.1374e-01,  1.5033e+00, -1.9311e+00,  1.0293e+00, -1.4444e+00,
         -1.7681e+00, -1.3470e+00, -9.8733e-01,  4.1809e-01, -1.6369e-01,
          2.1492e-01],
        [ 6.5127e-01, -3.0369e+00, -1.2539e-01, -9.9648e-01,  2.3747e-01,
          1.8742e-01,  1.3806e+00, -2.8024e-01, -1.6786e+00,  2.1662e-01,
          1.2778e+00,  4.6717e-02, -1.3531e+00,  1.3452e+00, -1.2216e+00,
          8.0639e-02],
        [-1.3834e+00,  2.0601e+00, -4.9072e-01, -2.4484e-01,  9.8381e-01,
          4.0051e-02,  4.5447e-01,  2.8946e-01,  8.2715e-01, -2.5283e+00,
          1.2812e+00, -3.1275e-01,  6.6287e-01,  1.0238e+00, -2.0729e+00,
         -1.7368e+00],
        [-1.2986e-01,  9.7856e-01, -1.9622e+00,  2.1679e+00, -6.4177e-01,
          1.3221e-01,  5.1838e-01,  2.9626e-01,  1.4221e+00, -2.1814e-01,
         -1.5212e+00, -1.7400e-01, -7.5095e-01,  1.9634e+00,  1.2007e+00,
          1.6225e+00],
        [-1.8087e+00, -2.2990e-01,  1.5398e+00, -8.8788e-01,  1.5169e+00,
         -8.6879e-01,  1.1713e+00, -2.3398e-01, -1.1540e+00, -9.8888e-01,
          2.2100e-01,  2.2199e-01,  8.1741e-01,  6.0251e-01,  7.4134e-01,
          1.6433e-02],
        [ 9.2035e-01, -3.3447e-01,  1.4793e+00, -1.1261e+00,  1.5367e+00,
         -1.2182e+00, -1.4117e-01,  5.8272e-01, -5.8006e-01, -8.4145e-01,
          1.4080e+00, -6.0311e-01, -1.0360e-01,  1.9868e+00, -1.9969e-01,
          1.8841e+00],
        [ 5.2641e-01, -1.8848e-01,  8.5203e-01,  1.6053e+00, -1.8315e+00,
          1.0872e+00, -7.6505e-01,  1.2071e+00, -1.1261e+00, -2.5664e-01,
         -3.0188e-01,  4.1552e-01,  5.5949e-01,  8.5312e-01, -6.7206e-01,
          6.9669e-02],
        [ 9.6375e-01,  1.4323e+00,  1.9409e-02, -5.1148e-01, -1.8600e+00,
         -1.2188e+00,  8.7948e-01, -2.3120e-01,  9.6252e-01, -1.7001e+00,
          4.1548e-01,  7.3384e-01,  5.5860e-01,  7.9580e-02, -7.2139e-01,
          2.8968e-02],
        [-1.1103e+00, -2.1180e-01, -1.4733e+00, -2.0333e+00,  2.0664e-01,
         -6.9202e-01, -3.0226e-02,  5.5217e-01, -1.5183e-01, -1.2214e-01,
          1.9912e+00,  4.0497e-01,  6.8060e-02, -8.7257e-01, -1.5471e+00,
         -1.3482e+00],
        [ 1.7887e+00,  1.1634e-01, -3.3466e-01,  1.5469e+00, -6.4466e-01,
          4.4725e-01,  6.7488e-01, -1.9475e+00, -9.8898e-02, -9.8326e-01,
         -7.4241e-02, -7.9724e-01,  9.1475e-01, -1.4297e-01,  5.8829e-02,
          1.2288e+00],
        [ 6.0468e-01, -2.0200e-01, -1.8675e+00, -5.8475e-01,  4.1757e-01,
          3.3930e-01,  2.0451e+00, -2.2001e+00, -2.4888e-01, -3.9506e-01,
         -2.9090e+00, -4.9746e-01, -5.6357e-01,  8.7614e-02,  2.9858e+00,
         -6.2730e-01],
        [-4.6365e-01, -9.4987e-01,  5.4256e-01, -1.2248e-01,  2.0907e+00,
         -1.3603e-01, -3.4740e-01,  1.6688e+00,  6.3705e-02,  1.8663e-01,
         -2.1238e+00, -6.7628e-01,  1.9254e+00, -1.3702e+00, -2.0975e+00,
         -1.8334e+00],
        [ 1.2940e+00,  1.4197e+00, -4.9821e-01, -6.8095e-01,  3.9126e-01,
          1.4219e-01, -1.9823e+00,  5.7873e-01, -4.4549e-02,  2.6298e-01,
          1.8655e+00, -1.6020e+00, -2.9174e-02, -2.3093e+00, -8.4290e-01,
         -1.5221e+00],
        [ 4.0364e+00,  4.8958e-02,  4.3893e-02, -1.2625e+00, -1.7469e+00,
          3.2451e-01,  2.5696e-01,  1.0605e-02, -8.8614e-01,  1.7036e+00,
         -1.6653e+00,  6.8183e-01,  2.4224e+00, -7.4696e-01, -1.4907e+00,
         -4.3927e-01],
        [-7.4870e-01,  2.9296e-01,  3.2445e-01,  1.9559e+00,  1.9984e+00,
         -1.2386e+00,  1.3927e+00,  1.0136e+00,  2.3117e+00, -9.1084e-01,
          1.3844e+00, -7.8502e-01,  1.9113e+00, -8.7397e-01,  1.1689e+00,
         -1.0868e-01],
        [ 1.6653e+00, -1.1781e+00, -4.1049e-01, -2.5172e-01,  9.4536e-01,
          4.2285e-02, -6.0630e-01, -1.8824e+00, -1.2138e+00,  1.2282e+00,
         -9.3026e-01,  3.9967e-01,  5.5031e-01, -1.2448e+00, -7.5570e-01,
         -3.1867e-01],
        [ 1.8713e+00,  2.2093e+00, -1.8989e-01, -1.8783e+00, -6.8909e-02,
          7.8037e-01,  7.6087e-01, -5.7839e-01, -2.0209e+00,  7.6158e-01,
         -3.2873e-01,  1.6822e+00,  6.7621e-01, -1.2253e-01, -1.5841e+00,
         -1.1135e+00],
        [ 7.5985e-01,  1.3764e+00,  5.8144e-01, -2.3496e+00,  9.9876e-01,
         -1.4381e+00, -2.1336e-01,  1.5945e+00,  8.6354e-01,  1.5658e+00,
         -6.3578e-02, -4.0869e-01, -2.0490e-01,  1.2157e+00,  5.5737e-01,
          6.1600e-01],
        [ 4.7763e-01, -1.3142e+00, -4.7595e-01, -1.6466e+00,  1.9160e+00,
         -5.5907e-01,  1.0814e+00, -6.1445e-01, -8.1594e-01, -1.1894e-02,
          2.1732e-01,  1.3689e+00, -1.4679e+00, -1.0958e+00, -1.5812e-01,
          3.8551e-01],
        [ 2.2401e-01,  3.6136e-01,  1.4565e-02, -1.4749e+00,  3.0733e-01,
          9.6101e-01,  1.6224e+00, -2.5405e+00,  4.1123e-01,  9.9364e-01,
         -5.2373e-02, -8.6734e-01,  9.1881e-01,  1.0502e+00,  3.0944e-01,
          5.2281e-01],
        [-3.5810e-01,  2.1364e+00, -1.1644e+00, -2.4368e-01, -1.3276e+00,
          1.0946e+00,  1.3249e+00,  1.1332e+00, -1.0428e+00, -8.1594e-02,
          5.9008e-01,  1.5463e+00, -1.3902e+00, -5.2836e-01, -6.5813e-01,
          9.8978e-01],
        [ 7.4422e-02,  1.7415e-01, -1.2032e+00,  7.1137e-02,  1.5169e+00,
         -6.7032e-01, -8.2321e-01,  1.4378e+00, -2.6495e+00, -1.1567e+00,
         -1.4173e+00, -8.2163e-01, -3.3191e-02,  8.1827e-01, -5.5010e-01,
          1.5368e-01],
        [-6.8359e-01, -1.0440e+00, -7.0484e-01,  1.2465e+00,  8.0413e-01,
         -9.7476e-01, -1.1205e-01, -2.2573e-01,  5.7316e-01,  3.0565e-02,
          8.2384e-01,  6.8319e-01, -5.7415e-01, -6.0776e-01, -1.5008e-01,
          1.4332e+00],
        [ 5.0445e-01, -1.0984e+00, -1.8786e-01,  5.6298e-01,  5.1904e-01,
          2.0956e+00,  1.0710e+00, -1.0727e+00, -2.6806e-01,  3.7288e-01,
         -8.9864e-01, -2.1352e-02, -1.3938e+00,  1.9083e+00,  1.9554e+00,
         -5.6659e-01],
        [ 1.2113e+00,  8.2574e-01,  3.2273e-01,  3.0817e-01, -6.1910e-01,
          1.8235e+00,  1.3525e+00, -4.4752e-01,  1.1312e+00, -9.7062e-01,
         -1.6581e+00, -1.5150e+00,  3.9356e-01,  1.5829e+00, -4.2423e-01,
          3.1523e+00],
        [ 8.0916e-01, -9.5331e-01, -9.0784e-01, -5.4115e-02, -3.6497e-01,
         -9.0059e-01,  1.5485e+00, -2.3176e-01,  6.1200e-01,  2.3427e-01,
          1.5985e+00,  1.7935e+00,  3.8797e-01,  2.0240e-01,  6.5409e-01,
          4.4437e-01],
        [ 1.4412e+00, -1.0564e-01, -1.3934e+00, -1.5726e+00, -3.7947e-01,
         -5.6682e-01, -4.1768e-01, -1.0670e+00, -4.7568e-01,  1.4697e+00,
          6.1941e-01, -1.6868e+00, -7.0024e-01,  9.9028e-01, -9.4546e-01,
         -1.6238e-01],
        [-1.8794e+00,  1.2933e+00, -5.4475e-01, -1.9787e+00,  1.8239e+00,
         -2.1610e+00, -4.4259e-02,  1.8252e+00, -1.2674e+00, -3.6022e-01,
         -2.0044e+00, -2.0490e+00, -1.4967e+00,  4.7870e-01,  1.6972e+00,
         -2.2793e-01]])), ('index_name_embedding_layer.weight', tensor([[-1.4155, -1.1128, -0.5584, -0.9457,  1.9597, -0.9252],
        [ 1.4706, -1.6410, -0.3274, -0.2946,  1.2866, -0.0825],
        [ 2.3661,  1.4109,  1.3233, -2.4845,  0.5390, -0.5559],
        [ 0.4326,  0.0842,  0.9464, -0.1824,  0.1329,  0.7539],
        [-1.0346, -1.6267,  0.7385, -1.2461, -1.6631,  1.2198],
        [-0.4810,  0.0559,  1.0211, -0.9342, -1.5566, -0.8522],
        [-2.7389,  0.6175, -0.7611, -0.4179,  0.4184,  1.9623],
        [-0.0641, -1.2389,  0.0320, -1.1110, -1.5444,  2.0960],
        [-0.3183, -0.7896,  0.2664, -0.6701, -0.5004,  1.0099],
        [-0.0703,  1.4332, -1.6459, -1.9859, -0.7942, -1.5159]]))])
OrderedDict([('decoder.0.weight', tensor([[-0.1252,  0.2670,  0.2051,  ...,  0.4917, -0.1070,  0.2829],
        [ 0.0219,  0.0286,  0.4695,  ...,  0.1460,  0.0664,  0.1904],
        [ 0.0123, -0.0118, -0.3497,  ...,  0.3641, -0.3297,  0.5078],
        ...,
        [-0.0427,  0.4689,  0.3393,  ..., -0.1491,  0.2470,  0.0938],
        [-0.4399,  0.4887,  0.0768,  ...,  0.4443,  0.0214,  0.0293],
        [-0.2787,  0.4093, -0.0718,  ...,  0.9037, -0.1755,  0.4359]])), ('decoder.0.bias', tensor([-0.5911, -0.4272, -0.2548, -0.5496, -0.6756, -0.1647, -0.5312, -0.6976,
        -0.6348, -0.6347, -0.6759, -0.5568, -0.4007, -0.5961, -0.7435, -0.7079,
        -0.2446, -0.5903, -0.1342, -0.5091, -0.7287, -0.5753, -0.6954, -0.0448,
        -0.7525, -0.7400, -0.5184, -0.7824, -0.8572, -0.7996, -0.6469, -0.9189,
        -0.4029,  0.1040, -0.7471, -0.1962, -0.5458, -0.5186, -0.4989, -0.6190,
        -0.6915,  0.3477, -0.1687, -0.4462, -0.7383, -0.5748, -0.6313, -0.6984,
        -0.9256, -0.5276, -0.7265, -0.3837, -0.7663, -0.8403, -0.4518, -0.8853,
        -0.6882, -0.7428, -0.5267, -0.5121, -0.0328, -0.6105, -0.5526, -0.5976,
        -0.5997, -0.6200, -0.6279, -0.4438, -0.6868, -0.8390, -0.4825, -0.7218,
        -0.6166, -0.9730, -0.5941, -0.7237, -0.6360,  0.3282, -0.7923, -0.3459,
        -0.6655, -0.6720, -0.6926, -0.6163, -0.3182, -0.6786,  0.2615, -0.7167,
        -0.6730, -0.7252, -0.7577, -0.6107, -0.8622, -0.6492, -0.7663, -0.4403,
        -0.5312, -0.8285, -0.6526, -0.5995, -0.5828, -0.6044, -0.6244, -0.5858,
        -0.6426, -0.5538, -0.5003, -0.6526, -0.8510, -0.6415, -0.5802, -0.8256,
        -0.5583, -0.6218,  0.0456, -0.6923,  0.0256, -0.4633, -0.6484, -0.7003,
        -0.7230,  0.1045, -0.7834, -0.7452, -0.5689, -0.7371, -0.2013, -0.6968])), ('decoder.1.weight', tensor([[ 0.2000, -0.2317, -0.0707,  ..., -0.2701,  0.0497, -0.8179],
        [-0.0424, -0.1800, -0.1638,  ...,  0.1323, -0.1068,  0.2758],
        [ 0.7025,  0.6915, -0.3553,  ..., -0.3918, -0.2813,  0.7472],
        ...,
        [-0.1499,  0.1226, -0.0120,  ...,  0.2723,  0.0737, -0.0358],
        [-0.1713, -0.1127, -0.3017,  ..., -0.0564, -0.2048, -0.0292],
        [-0.5462,  0.2290,  0.3590,  ..., -0.2216, -0.5860,  0.4719]])), ('decoder.1.bias', tensor([-0.1843, -0.7620, -0.6541, -0.7549, -0.2581, -0.2902, -0.8079, -0.6282,
        -0.7026, -0.6876,  1.0431, -0.6063, -0.9890,  1.4663, -0.4582,  0.8115,
         1.2293, -0.9712, -0.6162, -0.8196,  0.4535, -0.3308, -0.1801, -0.8746,
        -0.6973, -0.2779,  0.2026, -0.1380, -0.5894,  0.2024, -0.2567, -0.4722,
        -0.6894,  1.5032, -0.8196, -0.7778, -0.6304, -0.8138, -0.6180,  0.4407,
        -0.1280,  1.3141,  0.0460,  0.0803, -0.6200, -0.2610, -0.8454,  0.2739,
        -0.5220, -0.7968, -0.5035, -0.8742, -0.8344,  1.7653, -0.2268, -0.6945,
        -0.7948, -0.0908, -0.1798, -0.5363, -0.2754, -0.4863, -0.5733, -0.4568])), ('decoder.2.weight', tensor([[-3.9023e-01, -5.3848e-03, -1.9621e-01, -1.5893e-02,  4.1554e-01,
         -5.9505e-02,  4.4832e-01,  9.4959e-02, -3.2437e-02,  6.1253e-01,
         -4.5235e-01, -3.5947e-01, -7.3289e-02, -4.8799e-01,  6.3837e-01,
         -5.1143e-01,  3.5307e-01, -2.4512e-01, -8.0275e-02,  2.4747e-04,
         -9.1669e-02, -6.1996e-01,  2.8750e-01, -3.7259e-01,  4.1453e-01,
         -7.4896e-01,  2.9936e-01, -4.5922e-01,  6.8512e-01, -7.1032e-01,
         -7.7548e-01,  1.7785e-01, -7.6227e-02, -1.5060e-01, -7.3469e-03,
         -3.8267e-01,  5.1207e-02, -5.9337e-02,  4.2161e-01,  5.7506e-01,
          2.8621e-01, -1.9583e-01,  1.0730e-01,  6.2751e-01, -2.0049e-01,
         -1.2950e-01,  1.1686e-01, -1.1589e-01, -1.4542e+00,  2.5234e-03,
          6.4392e-01,  1.7396e-01, -2.7886e-02, -9.0873e-01, -1.3216e+00,
         -2.9390e-01, -1.8700e-02,  1.5857e-02, -6.6308e-01,  2.8122e-01,
          7.3978e-01,  2.9879e-01, -4.5932e-02, -1.1627e+00],
        [ 5.5861e-01, -8.8297e-02, -3.6776e-01, -1.4896e-01,  1.6521e-01,
          4.7959e-02, -5.3513e-02, -2.9748e-01, -1.9280e-01, -2.6125e-01,
          7.7563e-01, -2.4516e-01, -1.6187e-01,  8.0712e-01,  5.9736e-02,
          5.6015e-01,  5.4151e-01,  1.8408e-01,  1.1716e-01, -5.5332e-01,
          7.9127e-01,  6.4352e-02,  2.1100e-01, -6.7184e-02, -2.4174e-02,
          2.9450e-02,  3.2496e-01,  5.7633e-01, -5.2675e-01,  8.6491e-01,
          4.6452e-01, -7.1269e-01, -9.2584e-02,  6.5176e-01, -8.8658e-02,
          6.1742e-01, -1.5930e-01, -8.8376e-02, -1.5394e-01,  5.5411e-01,
          1.5920e-01,  5.9729e-01,  2.7718e-01,  1.6174e-01,  5.4428e-02,
          1.1919e-01, -2.2648e-01,  4.5192e-01,  1.0198e+00, -3.3025e-02,
         -7.3580e-03, -1.3201e+00, -1.4586e-01,  1.0215e+00,  6.8187e-01,
         -2.0725e-01, -4.9388e-02,  3.2847e-01,  4.4506e-02,  6.1458e-02,
         -1.6456e-01, -6.6436e-02, -1.3265e-01,  6.5323e-01]])), ('decoder.2.bias', tensor([-0.1078,  1.1988]))])
num_users: 880
num_items: 16450
num_product_groups: 13
num_color_groups: 49
WARNING:root:Torch was already hooked... skipping hooking process
Accuracy on dataset Test set is (87.4%)
[IPKernelApp] WARNING | Parent appears to have exited, shutting down.
