{'digital_domain': DigitalNN(
  (layers_stack): Sequential(
    (0): Linear(in_features=10, out_features=32, bias=True)
    (1): ReLU()
    (2): BatchNorm1d(32, eps=1e-05, momentum=0.1, affine=True, track_running_stats=True)
    (3): Dropout(p=0.3, inplace=False)
    (4): Linear(in_features=32, out_features=16, bias=True)
    (5): ReLU()
  )
), 'retail_domain': RetailNN(
  (layers_stack): Sequential(
    (0): Linear(in_features=10, out_features=32, bias=True)
    (1): ReLU()
    (2): BatchNorm1d(32, eps=1e-05, momentum=0.1, affine=True, track_running_stats=True)
    (3): Dropout(p=0.3, inplace=False)
    (4): Linear(in_features=32, out_features=16, bias=True)
    (5): ReLU()
  )
), 'fraud_prevention_domain': FraudPrevNN(
  (layers_stack): Sequential(
    (0): Linear(in_features=10, out_features=32, bias=True)
    (1): ReLU()
    (2): BatchNorm1d(32, eps=1e-05, momentum=0.1, affine=True, track_running_stats=True)
    (3): Linear(in_features=32, out_features=16, bias=True)
    (4): ReLU()
  )
), 'server': GovernanceNN(
  (layers_stack): Sequential(
    (0): Linear(in_features=48, out_features=32, bias=True)
    (1): ReLU()
    (2): BatchNorm1d(32, eps=1e-05, momentum=0.1, affine=True, track_running_stats=True)
    (3): Linear(in_features=32, out_features=32, bias=True)
    (4): ReLU()
    (5): BatchNorm1d(32, eps=1e-05, momentum=0.1, affine=True, track_running_stats=True)
    (6): Linear(in_features=32, out_features=2, bias=True)
  )
)}
Epoch 0 - Training loss: 0.4814241826534271
Epoch 1 - Training loss: 0.2542918920516968
Epoch 2 - Training loss: 0.12393000721931458
Epoch 3 - Training loss: 0.07043427973985672
Epoch 4 - Training loss: 0.04803396761417389
Epoch 5 - Training loss: 0.036655671894550323
Epoch 6 - Training loss: 0.029666705057024956
Epoch 7 - Training loss: 0.02555745840072632
Epoch 8 - Training loss: 0.022461244836449623
Epoch 9 - Training loss: 0.02034757100045681
Epoch 10 - Training loss: 0.019163593649864197
Epoch 11 - Training loss: 0.01728394627571106
Epoch 12 - Training loss: 0.016492782160639763
Epoch 13 - Training loss: 0.015659989789128304
Epoch 14 - Training loss: 0.014820595271885395
Epoch 15 - Training loss: 0.014119172468781471
Epoch 16 - Training loss: 0.013656205497682095
Epoch 17 - Training loss: 0.013113373890519142
Epoch 18 - Training loss: 0.012878905050456524
Epoch 19 - Training loss: 0.01204103883355856
Epoch 20 - Training loss: 0.011451955884695053
Epoch 21 - Training loss: 0.011281447485089302
Epoch 22 - Training loss: 0.010577280074357986
Epoch 23 - Training loss: 0.01012143399566412
Epoch 24 - Training loss: 0.010094905272126198
Epoch 25 - Training loss: 0.00982283242046833
Epoch 26 - Training loss: 0.009133419953286648
Epoch 27 - Training loss: 0.009205902926623821
Epoch 28 - Training loss: 0.008901278488337994
Epoch 29 - Training loss: 0.008368314243853092
Epoch 30 - Training loss: 0.00824294239282608
Epoch 31 - Training loss: 0.007963176816701889
Epoch 32 - Training loss: 0.007819361984729767
Epoch 33 - Training loss: 0.007446834817528725
Epoch 34 - Training loss: 0.00686968769878149
Accuracy on dataset Test set is (99.9%)
              precision    recall  f1-score   support

           0       1.00      1.00      1.00     85292
           1       0.81      0.86      0.83       148

    accuracy                           1.00     85440
   macro avg       0.90      0.93      0.92     85440
weighted avg       1.00      1.00      1.00     85440

ROC AUC Score:  0.9322507037826177
WARNING:root:Torch was already hooked... skipping hooking process
Accuracy on dataset Test set is (99.9%)
              precision    recall  f1-score   support

           0       1.00      1.00      1.00     85292
           1       0.81      0.86      0.83       148

    accuracy                           1.00     85440
   macro avg       0.90      0.93      0.92     85440
weighted avg       1.00      1.00      1.00     85440

ROC AUC Score:  0.9322507037826177
[IPKernelApp] WARNING | Parent appears to have exited, shutting down.
