num_users: 3153
num_items: 4807
num_product_groups: 10
num_color_groups: 48
num_index_name: 7
{'sales_domain': SalesNN(
  (user_embedding_layer): Embedding(3153, 32)
  (item_embedding_layer): Embedding(4807, 64)
), 'customer_domain': CustomersNN(
  (relu): LeakyReLU(negative_slope=0.01)
  (encoder): Sequential(
    (0): Linear(in_features=2, out_features=4, bias=True)
  )
), 'product_domain': ProductsNN(
  (product_group_embedding_layer): Embedding(10, 5)
  (color_group_embedding_layer): Embedding(48, 16)
  (index_name_embedding_layer): Embedding(7, 3)
), 'server': GovernanceNN(
  (relu): LeakyReLU(negative_slope=0.01)
  (decoder): Sequential(
    (0): Linear(in_features=124, out_features=256, bias=True)
    (1): Linear(in_features=256, out_features=128, bias=True)
  )
), 'label_owner': LabelOwner(
  (lin): Linear(in_features=128, out_features=1, bias=True)
)}
Epoch 0 - Training loss: 0.8540536761283875
Epoch 1 - Training loss: 0.2738293707370758
Epoch 2 - Training loss: 0.1517287641763687
Epoch 3 - Training loss: 0.11801117658615112
Epoch 4 - Training loss: 0.10263297706842422
Epoch 5 - Training loss: 0.09257376194000244
Epoch 6 - Training loss: 0.08348894119262695
Epoch 7 - Training loss: 0.07581501454114914
Epoch 8 - Training loss: 0.06859073787927628
Epoch 9 - Training loss: 0.060335803776979446
Epoch 10 - Training loss: 0.054290518164634705
Epoch 11 - Training loss: 0.04751915857195854
Epoch 12 - Training loss: 0.04427328333258629
Epoch 13 - Training loss: 0.037242766469717026
Epoch 14 - Training loss: 0.03631968051195145
Epoch 15 - Training loss: 0.03315560147166252
Epoch 16 - Training loss: 0.030953994020819664
Epoch 17 - Training loss: 0.026948248967528343
Epoch 18 - Training loss: 0.02316870540380478
Epoch 19 - Training loss: 0.025727881118655205
Epoch 20 - Training loss: 0.02310062386095524
Epoch 21 - Training loss: 0.019189566373825073
Epoch 22 - Training loss: 0.021419808268547058
Epoch 23 - Training loss: 0.018909601494669914
Epoch 24 - Training loss: 0.019834594801068306
Epoch 25 - Training loss: 0.018222268670797348
Epoch 26 - Training loss: 0.016269156709313393
Epoch 27 - Training loss: 0.017043685540556908
Epoch 28 - Training loss: 0.016824955120682716
Epoch 29 - Training loss: 0.014900772832334042
Epoch 30 - Training loss: 0.014556069858372211
Epoch 31 - Training loss: 0.013758939690887928
Epoch 32 - Training loss: 0.014165627770125866
Epoch 33 - Training loss: 0.013335774652659893
Epoch 34 - Training loss: 0.015474420972168446
Epoch 35 - Training loss: 0.014758759178221226
Epoch 36 - Training loss: 0.011314614675939083
Epoch 37 - Training loss: 0.013477500528097153
Epoch 38 - Training loss: 0.012819782830774784
Epoch 39 - Training loss: 0.011024918407201767
Epoch 40 - Training loss: 0.010348253883421421
Epoch 41 - Training loss: 0.011347775347530842
Epoch 42 - Training loss: 0.012202258221805096
Epoch 43 - Training loss: 0.01072663813829422
Epoch 44 - Training loss: 0.010853906162083149
Epoch 45 - Training loss: 0.010587471537292004
Epoch 46 - Training loss: 0.01048104465007782
Epoch 47 - Training loss: 0.010804669000208378
Epoch 48 - Training loss: 0.008215696550905704
Epoch 49 - Training loss: 0.013716060668230057
Epoch 50 - Training loss: 0.012951287440955639
Epoch 51 - Training loss: 0.01010171975940466
Epoch 52 - Training loss: 0.007563769817352295
Epoch 53 - Training loss: 0.007509274408221245
Epoch 54 - Training loss: 0.01152502465993166
Epoch 55 - Training loss: 0.01214557234197855
Epoch 56 - Training loss: 0.0062123932875692844
Epoch 57 - Training loss: 0.0076203192584216595
Epoch 58 - Training loss: 0.011667179875075817
Epoch 59 - Training loss: 0.011345465667545795
Epoch 60 - Training loss: 0.010919220745563507
Epoch 61 - Training loss: 0.007722523063421249
Epoch 62 - Training loss: 0.007798712234944105
Epoch 63 - Training loss: 0.009846189059317112
Epoch 64 - Training loss: 0.00690818065777421
Epoch 65 - Training loss: 0.007510626222938299
Epoch 66 - Training loss: 0.013435810804367065
Epoch 67 - Training loss: 0.009589978493750095
Epoch 68 - Training loss: 0.004420808982104063
Epoch 69 - Training loss: 0.011893627233803272
Epoch 70 - Training loss: 0.010866221971809864
Epoch 71 - Training loss: 0.008411587215960026
Epoch 72 - Training loss: 0.007943623699247837
Epoch 73 - Training loss: 0.00698804808780551
Epoch 74 - Training loss: 0.010211389511823654
Epoch 75 - Training loss: 0.009497144259512424
Epoch 76 - Training loss: 0.0067029534839093685
Epoch 77 - Training loss: 0.008504360914230347
Epoch 78 - Training loss: 0.008908187039196491
Epoch 79 - Training loss: 0.005954617168754339
Epoch 80 - Training loss: 0.010727603919804096
Epoch 81 - Training loss: 0.01318876538425684
Epoch 82 - Training loss: 0.007638594601303339
Epoch 83 - Training loss: 0.00594845786690712
Epoch 84 - Training loss: 0.007986126467585564
Epoch 85 - Training loss: 0.009063891135156155
Epoch 86 - Training loss: 0.005965566262602806
